<?xml version="1.0" encoding="UTF-8"?>
<testsuite name="WeaponTest" tests="1" skipped="0" failures="0" errors="0" timestamp="2019-04-04T10:59:05" hostname="Anthonys-MacBook-Pro.local" time="0.0">
  <properties/>
  <testcase name="canGetAttackDamage" classname="WeaponTest" time="0.0"/>
  <system-out><![CDATA[]]></system-out>
  <system-err><![CDATA[]]></system-err>
</testsuite>
